<?xml version="1.0" encoding="UTF-8"?>
<!-- Generated by org.testng.reporters.JUnitXMLReporter -->
<testsuite ignored="0" hostname="ITG" failures="0" tests="3" name="Default test" time="19.47" errors="0" timestamp="2022-10-27T09:53:25 EDT">
  <testcase classname="com.junitproject.qa.testcases.TestngTestCases" name="validateUserCanAddCategory" time="0.539"/>
  <testcase classname="com.junitproject.qa.testcases.TestngTestCases" name="validateMonthDropDownHasAllMonths" time="0.195"/>
  <testcase classname="com.junitproject.qa.testcases.TestngTestCases" name="validateUserCannotDuplicateCategory" time="0.819"/>
</testsuite> <!-- Default test -->
