<?xml version="1.0" encoding="UTF-8"?>
<testng-results ignored="0" total="3" passed="3" failed="0" skipped="0">
  <reporter-output>
  </reporter-output>
  <suite started-at="2022-10-27T05:11:05 EDT" name="com.junitproject.qa.testcases.TestngTestCases" finished-at="2022-10-27T05:11:23 EDT" duration-ms="17317">
    <groups>
    </groups>
    <test started-at="2022-10-27T05:11:05 EDT" name="Command line test" finished-at="2022-10-27T05:11:23 EDT" duration-ms="17317">
      <class name="com.junitproject.qa.testcases.TestngTestCases">
        <test-method is-config="true" signature="setup()[pri:0, instance:com.junitproject.qa.testcases.TestngTestCases@55141def]" started-at="2022-10-27T05:11:05 EDT" name="setup" finished-at="2022-10-27T05:11:08 EDT" duration-ms="2169" status="PASS">
          <reporter-output>
          </reporter-output>
        </test-method> <!-- setup -->
        <test-method signature="validateUserCanAddCategory()[pri:1, instance:com.junitproject.qa.testcases.TestngTestCases@55141def]" started-at="2022-10-27T05:11:08 EDT" name="validateUserCanAddCategory" finished-at="2022-10-27T05:11:09 EDT" duration-ms="886" status="PASS">
          <reporter-output>
          </reporter-output>
        </test-method> <!-- validateUserCanAddCategory -->
        <test-method signature="validateMonthDropDownHasAllMonths()[pri:2, instance:com.junitproject.qa.testcases.TestngTestCases@55141def]" started-at="2022-10-27T05:11:09 EDT" name="validateMonthDropDownHasAllMonths" finished-at="2022-10-27T05:11:09 EDT" duration-ms="228" status="PASS">
          <reporter-output>
          </reporter-output>
        </test-method> <!-- validateMonthDropDownHasAllMonths -->
        <test-method signature="validateUserCannotDuplicateCategory()[pri:3, instance:com.junitproject.qa.testcases.TestngTestCases@55141def]" started-at="2022-10-27T05:11:09 EDT" name="validateUserCannotDuplicateCategory" finished-at="2022-10-27T05:11:11 EDT" duration-ms="1836" status="PASS">
          <reporter-output>
          </reporter-output>
        </test-method> <!-- validateUserCannotDuplicateCategory -->
        <test-method is-config="true" signature="teardown()[pri:0, instance:com.junitproject.qa.testcases.TestngTestCases@55141def]" started-at="2022-10-27T05:11:11 EDT" name="teardown" finished-at="2022-10-27T05:11:23 EDT" duration-ms="12171" status="PASS">
          <reporter-output>
          </reporter-output>
        </test-method> <!-- teardown -->
      </class> <!-- com.junitproject.qa.testcases.TestngTestCases -->
    </test> <!-- Command line test -->
  </suite> <!-- com.junitproject.qa.testcases.TestngTestCases -->
</testng-results>
