<?xml version="1.0" encoding="UTF-8"?>
<!-- Generated by org.testng.reporters.JUnitXMLReporter -->
<testsuite ignored="0" hostname="ITG" failures="0" tests="3" name="Command line test" time="17.317" errors="0" timestamp="2022-10-27T05:11:23 EDT">
  <testcase classname="com.junitproject.qa.testcases.TestngTestCases" name="validateUserCanAddCategory" time="0.886"/>
  <testcase classname="com.junitproject.qa.testcases.TestngTestCases" name="validateMonthDropDownHasAllMonths" time="0.228"/>
  <testcase classname="com.junitproject.qa.testcases.TestngTestCases" name="validateUserCannotDuplicateCategory" time="1.836"/>
</testsuite> <!-- Command line test -->
